2019-05-08 08:47:43 [ DEBUG ] - [ team.six.panel.userinfo.PanelUserInfo$1.actionPerformed(PanelUserInfo.java:110) ] Here is some DEBUG
2019-05-08 08:47:43 [ INFO ] - [ team.six.panel.userinfo.PanelUserInfo$1.actionPerformed(PanelUserInfo.java:111) ] Here is some INFO
2019-05-08 08:47:43 [ WARN ] - [ team.six.panel.userinfo.PanelUserInfo$1.actionPerformed(PanelUserInfo.java:112) ] Here is some WARN
2019-05-08 08:47:43 [ ERROR ] - [ team.six.panel.userinfo.PanelUserInfo$1.actionPerformed(PanelUserInfo.java:113) ] Here is some ERROR
2019-05-08 08:47:43 [ FATAL ] - [ team.six.panel.userinfo.PanelUserInfo$1.actionPerformed(PanelUserInfo.java:114) ] Here is some FATAL
2019-05-08 08:47:46 [ DEBUG ] - [ team.six.panel.userinfo.PanelUserInfo$1.actionPerformed(PanelUserInfo.java:110) ] Here is some DEBUG
2019-05-08 08:47:46 [ INFO ] - [ team.six.panel.userinfo.PanelUserInfo$1.actionPerformed(PanelUserInfo.java:111) ] Here is some INFO
2019-05-08 08:47:46 [ WARN ] - [ team.six.panel.userinfo.PanelUserInfo$1.actionPerformed(PanelUserInfo.java:112) ] Here is some WARN
2019-05-08 08:47:46 [ ERROR ] - [ team.six.panel.userinfo.PanelUserInfo$1.actionPerformed(PanelUserInfo.java:113) ] Here is some ERROR
2019-05-08 08:47:46 [ FATAL ] - [ team.six.panel.userinfo.PanelUserInfo$1.actionPerformed(PanelUserInfo.java:114) ] Here is some FATAL
2019-05-08 08:49:04 [ DEBUG ] - [ team.six.panel.userinfo.PanelUserInfo$1.actionPerformed(PanelUserInfo.java:111) ] 这是来自用户信息界面的DEBUG
2019-05-08 08:49:04 [ INFO ] - [ team.six.panel.userinfo.PanelUserInfo$1.actionPerformed(PanelUserInfo.java:112) ] 这是来自用户信息界面的INFO
2019-05-08 08:49:04 [ WARN ] - [ team.six.panel.userinfo.PanelUserInfo$1.actionPerformed(PanelUserInfo.java:113) ] 这是来自用户信息界面的 WARN
2019-05-08 08:49:04 [ ERROR ] - [ team.six.panel.userinfo.PanelUserInfo$1.actionPerformed(PanelUserInfo.java:114) ] 这是来自用户信息界面的ERROR
2019-05-08 08:49:04 [ FATAL ] - [ team.six.panel.userinfo.PanelUserInfo$1.actionPerformed(PanelUserInfo.java:115) ] 这是来自用户信息界面的FATAL
2019-05-08 13:54:24 [ DEBUG ] - [ team.six.panel.userinfo.PanelUserInfo$1.actionPerformed(PanelUserInfo.java:111) ] 这是来自用户信息界面的DEBUG
2019-05-08 13:54:24 [ INFO ] - [ team.six.panel.userinfo.PanelUserInfo$1.actionPerformed(PanelUserInfo.java:112) ] 这是来自用户信息界面的INFO
2019-05-08 13:54:24 [ WARN ] - [ team.six.panel.userinfo.PanelUserInfo$1.actionPerformed(PanelUserInfo.java:113) ] 这是来自用户信息界面的 WARN
2019-05-08 13:54:24 [ ERROR ] - [ team.six.panel.userinfo.PanelUserInfo$1.actionPerformed(PanelUserInfo.java:114) ] 这是来自用户信息界面的ERROR
2019-05-08 13:54:24 [ FATAL ] - [ team.six.panel.userinfo.PanelUserInfo$1.actionPerformed(PanelUserInfo.java:115) ] 这是来自用户信息界面的FATAL
2019-05-08 13:56:09 [ DEBUG ] - [ team.six.panel.userinfo.PanelUserInfo$1.actionPerformed(PanelUserInfo.java:111) ] 这是来自用户信息界面的DEBUG
2019-05-08 13:56:09 [ INFO ] - [ team.six.panel.userinfo.PanelUserInfo$1.actionPerformed(PanelUserInfo.java:112) ] 这是来自用户信息界面的INFO
2019-05-08 13:56:09 [ WARN ] - [ team.six.panel.userinfo.PanelUserInfo$1.actionPerformed(PanelUserInfo.java:113) ] 这是来自用户信息界面的 WARN
2019-05-08 13:56:09 [ ERROR ] - [ team.six.panel.userinfo.PanelUserInfo$1.actionPerformed(PanelUserInfo.java:114) ] 这是来自用户信息界面的ERROR
2019-05-08 13:56:09 [ FATAL ] - [ team.six.panel.userinfo.PanelUserInfo$1.actionPerformed(PanelUserInfo.java:115) ] 这是来自用户信息界面的FATAL
2019-05-08 14:05:14 [ INFO ] - [ team.six.panel.homepage.PanelHomePage$11.mouseClicked(PanelHomePage.java:379) ] 土豪充值了饭卡
2019-05-08 14:15:00 [ INFO ] - [ team.six.panel.homepage.PanelHomePage$11.mouseClicked(PanelHomePage.java:380) ] 土豪充值了饭卡
2019-05-08 14:15:10 [ WARN ] - [ team.six.panel.homepage.PanelHomePage$11.mouseClicked(PanelHomePage.java:382) ] 脑子有洞，饭卡都挂失了充什么饭卡？
2019-05-08 14:16:18 [ INFO ] - [ team.six.panel.homepage.PanelHomePage$11.mouseClicked(PanelHomePage.java:380) ] 土豪充值了饭卡
2019-05-08 14:18:32 [ INFO ] - [ team.six.panel.homepage.PanelHomePage$11.mouseClicked(PanelHomePage.java:380) ] 土豪充值了饭卡
2019-05-08 14:18:37 [ INFO ] - [ team.six.panel.homepage.PanelHomePage$13.mouseClicked(PanelHomePage.java:396) ] 饭卡丢了，赶紧挂失饭卡
2019-05-08 14:18:43 [ WARN ] - [ team.six.panel.homepage.PanelHomePage$11.mouseClicked(PanelHomePage.java:382) ] 脑子有洞，饭卡都挂失了充什么饭卡？
2019-05-08 14:19:52 [ INFO ] - [ team.six.panel.homepage.PanelHomePage$11.mouseClicked(PanelHomePage.java:380) ] 土豪充值了饭卡
2019-05-08 14:20:17 [ INFO ] - [ team.six.panel.homepage.PanelHomePage$11.mouseClicked(PanelHomePage.java:380) ] 土豪充值了饭卡
2019-05-08 14:20:55 [ INFO ] - [ team.six.panel.homepage.PanelHomePage$11.mouseClicked(PanelHomePage.java:380) ] 土豪充值了饭卡
2019-05-08 14:21:03 [ INFO ] - [ team.six.panel.homepage.PanelHomePage$13.mouseClicked(PanelHomePage.java:396) ] 饭卡丢了，赶紧挂失饭卡
2019-05-08 14:21:14 [ WARN ] - [ team.six.panel.homepage.PanelHomePage$11.mouseClicked(PanelHomePage.java:382) ] 脑子有洞，饭卡都挂失了充什么饭卡？
2019-05-08 14:29:51 [ INFO ] - [ team.six.panel.homepage.PanelHomePage$11.mouseClicked(PanelHomePage.java:380) ] 土豪充值了饭卡
2019-05-08 14:30:00 [ INFO ] - [ team.six.panel.homepage.PanelHomePage$13.mouseClicked(PanelHomePage.java:397) ] 饭卡丢了，赶紧挂失饭卡
2019-05-08 14:30:03 [ WARN ] - [ team.six.panel.homepage.PanelHomePage$13.mouseClicked(PanelHomePage.java:401) ] 本来就是挂失的，还挂失什么
2019-05-08 14:30:08 [ WARN ] - [ team.six.panel.homepage.PanelHomePage$11.mouseClicked(PanelHomePage.java:382) ] 脑子有洞，饭卡都挂失了充什么饭卡？
2019-05-08 14:42:49 [ INFO ] - [ team.six.panel.homepage.PanelHomePage$11.mouseClicked(PanelHomePage.java:380) ] 土豪充值了饭卡
2019-05-08 14:42:56 [ INFO ] - [ team.six.panel.homepage.PanelHomePage$13.mouseClicked(PanelHomePage.java:397) ] 饭卡丢了，赶紧挂失饭卡
2019-05-08 14:42:57 [ WARN ] - [ team.six.panel.homepage.PanelHomePage$13.mouseClicked(PanelHomePage.java:401) ] 本来就是挂失的，还挂失什么
2019-05-08 14:43:04 [ ERROR ] - [ team.six.panel.homepage.PanelHomePage$11.mouseClicked(PanelHomePage.java:382) ] 脑子有洞，饭卡都挂失了充什么饭卡？
2019-05-12 23:18:42 [ INFO ] - [ com.jnu.groupproject.view.Menu$2.mouseClicked(Menu.java:60) ] 点击菜单[校园生活]
2019-05-12 23:18:43 [ INFO ] - [ com.jnu.groupproject.view.Menu$3.mouseClicked(Menu.java:72) ] 点击菜单[查询成绩]
2019-05-12 23:18:43 [ INFO ] - [ com.jnu.groupproject.view.Menu$4.mouseClicked(Menu.java:84) ] 点击菜单[选课系统]
2019-05-12 23:18:44 [ INFO ] - [ com.jnu.groupproject.view.Menu$5.mouseClicked(Menu.java:96) ] 点击菜单[培养方案]
2019-05-12 23:18:45 [ INFO ] - [ com.jnu.groupproject.view.Menu$6.mouseClicked(Menu.java:110) ] 点击菜单[文档应用]
2019-05-12 23:18:45 [ INFO ] - [ com.jnu.groupproject.view.Menu$7.mouseClicked(Menu.java:122) ] 点击菜单[搜索]
2019-05-12 23:18:46 [ INFO ] - [ com.jnu.groupproject.view.Menu$8.mouseClicked(Menu.java:134) ] 点击菜单[用户信息管理]
2019-05-12 23:22:36 [ ERROR ] - [ com.jnu.groupproject.view.PanelDocument$1.mouseClicked(PanelDocument.java:58) ] 相关文件丢失
2019-05-12 23:22:44 [ ERROR ] - [ com.jnu.groupproject.view.PanelDocument$2.mouseClicked(PanelDocument.java:101) ] 相关文件丢失
2019-05-12 23:22:48 [ ERROR ] - [ com.jnu.groupproject.view.PanelDocument$2.mouseClicked(PanelDocument.java:101) ] 相关文件丢失
2019-05-12 23:22:54 [ ERROR ] - [ com.jnu.groupproject.view.PanelDocument$2.mouseClicked(PanelDocument.java:101) ] 相关文件丢失
2019-05-12 23:23:01 [ ERROR ] - [ com.jnu.groupproject.view.PanelDocument$2.mouseClicked(PanelDocument.java:101) ] 相关文件丢失
2019-05-12 23:23:07 [ ERROR ] - [ com.jnu.groupproject.view.PanelDocument$2.mouseClicked(PanelDocument.java:101) ] 相关文件丢失
2019-05-12 23:23:18 [ INFO ] - [ com.jnu.groupproject.view.Menu$7.mouseClicked(Menu.java:122) ] 点击菜单[搜索]
2019-05-12 23:23:21 [ INFO ] - [ com.jnu.groupproject.view.PanelSearch$1.mouseClicked(PanelSearch.java:72) ] 未找到相关文件
2019-05-12 23:23:28 [ INFO ] - [ com.jnu.groupproject.view.PanelSearch$1.mouseClicked(PanelSearch.java:72) ] 未找到相关文件
2019-05-14 16:16:28 [ INFO ] - [ com.jnu.groupproject.view.Menu$2.mouseClicked(Menu.java:60) ] 点击菜单[校园生活]
2019-05-14 16:16:29 [ INFO ] - [ com.jnu.groupproject.view.Menu$3.mouseClicked(Menu.java:72) ] 点击菜单[查询成绩]
2019-05-14 16:16:35 [ INFO ] - [ com.jnu.groupproject.view.Menu$4.mouseClicked(Menu.java:84) ] 点击菜单[选课系统]
2019-05-14 16:16:37 [ INFO ] - [ com.jnu.groupproject.view.Menu$5.mouseClicked(Menu.java:96) ] 点击菜单[培养方案]
2019-05-14 16:16:38 [ INFO ] - [ com.jnu.groupproject.view.Menu$6.mouseClicked(Menu.java:110) ] 点击菜单[文档应用]
2019-05-14 16:16:43 [ INFO ] - [ com.jnu.groupproject.view.Menu$7.mouseClicked(Menu.java:122) ] 点击菜单[搜索]
2019-05-14 17:40:04 [ INFO ] - [ com.jnu.groupproject.view.PanelSearch$1.mouseClicked(PanelSearch.java:92) ] 未找到相关文件
2019-05-14 17:40:16 [ INFO ] - [ com.jnu.groupproject.view.PanelSearch$1.mouseClicked(PanelSearch.java:92) ] 未找到相关文件
2019-05-14 17:41:55 [ INFO ] - [ com.jnu.groupproject.view.PanelSearch$1.mouseClicked(PanelSearch.java:93) ] 未找到相关文件
2019-05-14 19:22:45 [ INFO ] - [ com.jnu.groupproject.view.Menu$2.mouseClicked(Menu.java:60) ] 点击菜单[校园生活]
2019-05-14 19:22:47 [ INFO ] - [ com.jnu.groupproject.view.Menu$3.mouseClicked(Menu.java:72) ] 点击菜单[查询成绩]
2019-05-14 19:22:48 [ INFO ] - [ com.jnu.groupproject.view.Menu$4.mouseClicked(Menu.java:84) ] 点击菜单[选课系统]
2019-05-14 19:22:48 [ INFO ] - [ com.jnu.groupproject.view.Menu$5.mouseClicked(Menu.java:96) ] 点击菜单[培养方案]
2019-05-14 19:22:49 [ INFO ] - [ com.jnu.groupproject.view.Menu$5.mouseClicked(Menu.java:96) ] 点击菜单[培养方案]
2019-05-14 19:22:50 [ INFO ] - [ com.jnu.groupproject.view.Menu$6.mouseClicked(Menu.java:110) ] 点击菜单[文档应用]
2019-05-14 19:22:50 [ INFO ] - [ com.jnu.groupproject.view.Menu$6.mouseClicked(Menu.java:110) ] 点击菜单[文档应用]
2019-05-14 19:22:51 [ INFO ] - [ com.jnu.groupproject.view.Menu$7.mouseClicked(Menu.java:122) ] 点击菜单[搜索]
2019-05-14 19:37:33 [ ERROR ] - [ com.jnu.groupproject.view.PanelDocument$1.mouseClicked(PanelDocument.java:58) ] 相关文件丢失
2019-05-14 20:02:34 [ INFO ] - [ com.jnu.groupproject.view.Menu$2.mouseClicked(Menu.java:70) ] 点击菜单[校园生活]
2019-05-14 20:02:35 [ INFO ] - [ com.jnu.groupproject.view.Menu$4.mouseClicked(Menu.java:100) ] 点击菜单[查询成绩]
2019-05-14 20:02:36 [ INFO ] - [ com.jnu.groupproject.view.Menu$5.mouseClicked(Menu.java:112) ] 点击菜单[选课系统]
2019-05-14 20:02:37 [ INFO ] - [ com.jnu.groupproject.view.Menu$6.mouseClicked(Menu.java:124) ] 点击菜单[培养方案]
2019-05-14 20:02:39 [ INFO ] - [ com.jnu.groupproject.view.Menu$7.mouseClicked(Menu.java:138) ] 点击菜单[文档应用]
2019-05-14 20:02:41 [ INFO ] - [ com.jnu.groupproject.view.Menu$8.mouseClicked(Menu.java:150) ] 点击菜单[搜索]
2019-05-14 20:02:44 [ INFO ] - [ com.jnu.groupproject.view.Menu$9.mouseClicked(Menu.java:162) ] 点击菜单[用户信息管理]
2019-05-14 20:02:45 [ INFO ] - [ com.jnu.groupproject.view.Menu$10.mouseClicked(Menu.java:175) ] 点击菜单[注销]
2019-05-14 20:02:47 [ INFO ] - [ com.jnu.groupproject.view.Menu$2.mouseClicked(Menu.java:70) ] 点击菜单[校园生活]
2019-05-14 20:03:13 [ INFO ] - [ com.jnu.groupproject.view.Menu$7.mouseClicked(Menu.java:138) ] 点击菜单[文档应用]
2019-05-14 20:03:24 [ INFO ] - [ com.jnu.groupproject.view.Menu$7.mouseClicked(Menu.java:138) ] 点击菜单[文档应用]
2019-05-14 20:03:27 [ INFO ] - [ com.jnu.groupproject.view.Menu$8.mouseClicked(Menu.java:150) ] 点击菜单[搜索]
2019-05-15 22:24:39 [ INFO ] - [ com.jnu.groupproject.view.Menu$6.mouseClicked(Menu.java:158) ] 点击菜单[查询成绩]
2019-05-15 22:24:40 [ INFO ] - [ com.jnu.groupproject.view.Menu$8.mouseClicked(Menu.java:182) ] 点击菜单[培养方案]
2019-05-15 22:24:42 [ INFO ] - [ com.jnu.groupproject.view.Menu$10.mouseClicked(Menu.java:208) ] 点击菜单[搜索]
2019-05-15 22:24:42 [ INFO ] - [ com.jnu.groupproject.view.Menu$11.mouseClicked(Menu.java:220) ] 点击菜单[用户信息管理]
2019-05-15 22:24:43 [ INFO ] - [ com.jnu.groupproject.view.Menu$12.mouseClicked(Menu.java:233) ] 点击菜单[注销]
2019-05-15 22:24:43 [ INFO ] - [ com.jnu.groupproject.view.Menu$11.mouseClicked(Menu.java:220) ] 点击菜单[用户信息管理]
2019-05-15 22:24:44 [ INFO ] - [ com.jnu.groupproject.view.Menu$9.mouseClicked(Menu.java:196) ] 点击菜单[文档应用]
2019-05-15 22:24:46 [ INFO ] - [ com.jnu.groupproject.view.Menu$7.mouseClicked(Menu.java:170) ] 点击菜单[选课系统]
2019-05-15 22:24:47 [ INFO ] - [ com.jnu.groupproject.view.Menu$6.mouseClicked(Menu.java:158) ] 点击菜单[查询成绩]
2019-05-15 22:24:47 [ INFO ] - [ com.jnu.groupproject.view.Menu$2.mouseClicked(Menu.java:98) ] 点击菜单[校园生活]
2019-05-15 22:24:49 [ INFO ] - [ com.jnu.groupproject.view.PanelHomePage$11.mouseClicked(PanelHomePage.java:399) ] 查询了饭卡
2019-05-15 22:24:50 [ INFO ] - [ com.jnu.groupproject.view.PanelHomePage$13.mouseClicked(PanelHomePage.java:414) ] 饭卡丢了，赶紧挂失饭卡
2019-05-15 22:24:52 [ WARN ] - [ com.jnu.groupproject.view.PanelHomePage$13.mouseClicked(PanelHomePage.java:418) ] 本来就是挂失的，还挂失什么
2019-05-15 22:24:52 [ INFO ] - [ com.jnu.groupproject.view.Menu$5.mouseClicked(Menu.java:137) ] 查询了电费
2019-05-15 22:24:54 [ INFO ] - [ com.jnu.groupproject.view.PanelHomePage$14.mouseClicked(PanelHomePage.java:434) ] 有人偷偷查了电费记录
2019-05-15 22:25:01 [ INFO ] - [ com.jnu.groupproject.view.Menu$6.mouseClicked(Menu.java:158) ] 点击菜单[查询成绩]
2019-05-15 22:25:01 [ INFO ] - [ com.jnu.groupproject.view.Menu$7.mouseClicked(Menu.java:170) ] 点击菜单[选课系统]
2019-05-15 22:25:02 [ INFO ] - [ com.jnu.groupproject.view.Menu$9.mouseClicked(Menu.java:196) ] 点击菜单[文档应用]
2019-05-15 22:42:20 [ INFO ] - [ com.jnu.groupproject.view.Menu$9.mouseClicked(Menu.java:196) ] 点击菜单[文档应用]
2019-05-15 22:42:21 [ INFO ] - [ com.jnu.groupproject.view.Menu$10.mouseClicked(Menu.java:208) ] 点击菜单[搜索]
2019-05-15 22:42:21 [ INFO ] - [ com.jnu.groupproject.view.Menu$11.mouseClicked(Menu.java:220) ] 点击菜单[用户信息管理]
2019-05-15 22:42:22 [ INFO ] - [ com.jnu.groupproject.view.Menu$10.mouseClicked(Menu.java:208) ] 点击菜单[搜索]
2019-05-15 22:42:24 [ INFO ] - [ com.jnu.groupproject.view.Menu$11.mouseClicked(Menu.java:220) ] 点击菜单[用户信息管理]
2019-05-15 22:48:32 [ DEBUG ] - [ com.jnu.groupproject.view.PanelUserInfo$1.actionPerformed(PanelUserInfo.java:115) ] 这是来自用户信息界面的DEBUG
2019-05-15 22:48:32 [ INFO ] - [ com.jnu.groupproject.view.PanelUserInfo$1.actionPerformed(PanelUserInfo.java:116) ] 这是来自用户信息界面的INFO
2019-05-15 22:48:32 [ WARN ] - [ com.jnu.groupproject.view.PanelUserInfo$1.actionPerformed(PanelUserInfo.java:117) ] 这是来自用户信息界面的 WARN
2019-05-15 22:48:32 [ ERROR ] - [ com.jnu.groupproject.view.PanelUserInfo$1.actionPerformed(PanelUserInfo.java:118) ] 这是来自用户信息界面的ERROR
2019-05-15 22:48:32 [ FATAL ] - [ com.jnu.groupproject.view.PanelUserInfo$1.actionPerformed(PanelUserInfo.java:119) ] 这是来自用户信息界面的FATAL
2019-05-15 22:48:44 [ INFO ] - [ com.jnu.groupproject.view.Menu$11.mouseClicked(Menu.java:220) ] 点击菜单[用户信息管理]
2019-05-15 22:48:46 [ DEBUG ] - [ com.jnu.groupproject.view.PanelUserInfo$1.actionPerformed(PanelUserInfo.java:116) ] 这是来自用户信息界面的DEBUG
2019-05-15 22:48:46 [ INFO ] - [ com.jnu.groupproject.view.PanelUserInfo$1.actionPerformed(PanelUserInfo.java:117) ] 这是来自用户信息界面的INFO
2019-05-15 22:48:46 [ WARN ] - [ com.jnu.groupproject.view.PanelUserInfo$1.actionPerformed(PanelUserInfo.java:118) ] 这是来自用户信息界面的 WARN
2019-05-15 22:48:46 [ ERROR ] - [ com.jnu.groupproject.view.PanelUserInfo$1.actionPerformed(PanelUserInfo.java:119) ] 这是来自用户信息界面的ERROR
2019-05-15 22:48:46 [ FATAL ] - [ com.jnu.groupproject.view.PanelUserInfo$1.actionPerformed(PanelUserInfo.java:120) ] 这是来自用户信息界面的FATAL
2019-05-15 22:50:21 [ INFO ] - [ com.jnu.groupproject.view.Menu$11.mouseClicked(Menu.java:220) ] 点击菜单[用户信息管理]
2019-05-15 22:51:42 [ INFO ] - [ com.jnu.groupproject.view.Menu$11.mouseClicked(Menu.java:220) ] 点击菜单[用户信息管理]
2019-05-15 22:53:38 [ INFO ] - [ com.jnu.groupproject.view.Menu$11.mouseClicked(Menu.java:220) ] 点击菜单[用户信息管理]
2019-05-15 22:56:52 [ INFO ] - [ com.jnu.groupproject.view.Menu$11.mouseClicked(Menu.java:220) ] 点击菜单[用户信息管理]
2019-05-15 23:06:26 [ INFO ] - [ com.jnu.groupproject.view.Menu$11.mouseClicked(Menu.java:220) ] 点击菜单[用户信息管理]
2019-05-15 23:07:09 [ INFO ] - [ com.jnu.groupproject.view.Menu$11.mouseClicked(Menu.java:220) ] 点击菜单[用户信息管理]
2019-05-15 23:07:25 [ INFO ] - [ com.jnu.groupproject.view.Menu$11.mouseClicked(Menu.java:220) ] 点击菜单[用户信息管理]
2019-05-15 23:15:22 [ INFO ] - [ com.jnu.groupproject.view.Menu$11.mouseClicked(Menu.java:220) ] 点击菜单[用户信息管理]
2019-05-15 23:15:37 [ INFO ] - [ com.jnu.groupproject.view.Menu$6.mouseClicked(Menu.java:158) ] 点击菜单[查询成绩]
2019-05-15 23:15:38 [ INFO ] - [ com.jnu.groupproject.view.Menu$7.mouseClicked(Menu.java:170) ] 点击菜单[选课系统]
2019-05-15 23:15:40 [ INFO ] - [ com.jnu.groupproject.view.Menu$11.mouseClicked(Menu.java:220) ] 点击菜单[用户信息管理]
2019-05-15 23:15:42 [ INFO ] - [ com.jnu.groupproject.view.Menu$12.mouseClicked(Menu.java:233) ] 点击菜单[注销]
2019-05-15 23:15:45 [ INFO ] - [ com.jnu.groupproject.view.Menu$11.mouseClicked(Menu.java:220) ] 点击菜单[用户信息管理]
2019-05-15 23:17:05 [ INFO ] - [ com.jnu.groupproject.view.Menu$11.mouseClicked(Menu.java:220) ] 点击菜单[用户信息管理]
2019-05-15 23:17:44 [ INFO ] - [ com.jnu.groupproject.view.Menu$11.mouseClicked(Menu.java:220) ] 点击菜单[用户信息管理]
2019-05-15 23:25:21 [ INFO ] - [ com.jnu.groupproject.view.Menu$11.mouseClicked(Menu.java:220) ] 点击菜单[用户信息管理]
2019-05-15 23:25:54 [ INFO ] - [ com.jnu.groupproject.view.Menu$11.mouseClicked(Menu.java:220) ] 点击菜单[用户信息管理]
2019-05-15 23:26:36 [ INFO ] - [ com.jnu.groupproject.view.Menu$11.mouseClicked(Menu.java:220) ] 点击菜单[用户信息管理]
2019-05-15 23:27:36 [ INFO ] - [ com.jnu.groupproject.view.Menu$11.mouseClicked(Menu.java:220) ] 点击菜单[用户信息管理]
2019-05-15 23:28:30 [ INFO ] - [ com.jnu.groupproject.view.Menu$11.mouseClicked(Menu.java:220) ] 点击菜单[用户信息管理]
2019-05-15 23:28:38 [ INFO ] - [ com.jnu.groupproject.view.Menu$11.mouseClicked(Menu.java:220) ] 点击菜单[用户信息管理]
2019-05-15 23:28:47 [ INFO ] - [ com.jnu.groupproject.view.Menu$11.mouseClicked(Menu.java:220) ] 点击菜单[用户信息管理]
2019-05-15 23:30:27 [ INFO ] - [ com.jnu.groupproject.view.Menu$11.mouseClicked(Menu.java:220) ] 点击菜单[用户信息管理]
2019-05-15 23:31:14 [ INFO ] - [ com.jnu.groupproject.view.Menu$11.mouseClicked(Menu.java:220) ] 点击菜单[用户信息管理]
2019-05-15 23:31:20 [ INFO ] - [ com.jnu.groupproject.view.Menu$11.mouseClicked(Menu.java:220) ] 点击菜单[用户信息管理]
2019-05-15 23:31:51 [ INFO ] - [ com.jnu.groupproject.view.Menu$11.mouseClicked(Menu.java:220) ] 点击菜单[用户信息管理]
2019-05-15 23:32:33 [ INFO ] - [ com.jnu.groupproject.view.Menu$11.mouseClicked(Menu.java:220) ] 点击菜单[用户信息管理]
2019-05-15 23:32:43 [ INFO ] - [ com.jnu.groupproject.view.Menu$11.mouseClicked(Menu.java:220) ] 点击菜单[用户信息管理]
2019-05-15 23:38:50 [ INFO ] - [ com.jnu.groupproject.view.Menu$11.mouseClicked(Menu.java:220) ] 点击菜单[用户信息管理]
2019-05-15 23:40:05 [ INFO ] - [ com.jnu.groupproject.view.Menu$11.mouseClicked(Menu.java:220) ] 点击菜单[用户信息管理]
2019-05-15 23:40:50 [ INFO ] - [ com.jnu.groupproject.view.Menu$11.mouseClicked(Menu.java:220) ] 点击菜单[用户信息管理]
2019-05-15 23:42:10 [ INFO ] - [ com.jnu.groupproject.view.Menu$11.mouseClicked(Menu.java:220) ] 点击菜单[用户信息管理]
2019-05-15 23:50:11 [ INFO ] - [ com.jnu.groupproject.view.Menu$11.mouseClicked(Menu.java:220) ] 点击菜单[用户信息管理]
2019-05-15 23:50:13 [ INFO ] - [ com.jnu.groupproject.view.Menu$12.mouseClicked(Menu.java:233) ] 点击菜单[注销]
2019-05-15 23:50:15 [ INFO ] - [ com.jnu.groupproject.view.Menu$12.mouseClicked(Menu.java:233) ] 点击菜单[注销]
2019-05-15 23:50:16 [ INFO ] - [ com.jnu.groupproject.view.Menu$11.mouseClicked(Menu.java:220) ] 点击菜单[用户信息管理]
2019-05-15 23:50:17 [ INFO ] - [ com.jnu.groupproject.view.Menu$12.mouseClicked(Menu.java:233) ] 点击菜单[注销]
2019-05-15 23:50:18 [ INFO ] - [ com.jnu.groupproject.view.PanelLogin$1.mouseClicked(PanelLogin.java:58) ] 用户登录
2019-05-15 23:50:21 [ INFO ] - [ com.jnu.groupproject.view.Menu$12.mouseClicked(Menu.java:233) ] 点击菜单[注销]
2019-05-15 23:50:24 [ INFO ] - [ com.jnu.groupproject.view.PanelLogin$1.mouseClicked(PanelLogin.java:58) ] 用户登录
2019-05-15 23:52:23 [ INFO ] - [ com.jnu.groupproject.view.PanelLogin$3.mouseClicked(PanelLogin.java:90) ] 用户注册
2019-05-15 23:52:24 [ INFO ] - [ com.jnu.groupproject.view.Menu$12.mouseClicked(Menu.java:233) ] 点击菜单[注销]
2019-05-15 23:52:25 [ INFO ] - [ com.jnu.groupproject.view.PanelLogin$1.mouseClicked(PanelLogin.java:58) ] 用户登录
2019-05-15 23:52:27 [ INFO ] - [ com.jnu.groupproject.view.Menu$12.mouseClicked(Menu.java:233) ] 点击菜单[注销]
2019-05-15 23:52:29 [ INFO ] - [ com.jnu.groupproject.view.PanelLogin$3.mouseClicked(PanelLogin.java:90) ] 用户注册
2019-05-15 23:55:29 [ INFO ] - [ com.jnu.groupproject.view.PanelLogin$3.mouseClicked(PanelLogin.java:90) ] 用户注册
2019-05-15 23:55:51 [ INFO ] - [ com.jnu.groupproject.view.PanelLogin$1.mouseClicked(PanelLogin.java:58) ] 用户登录
2019-05-15 23:55:52 [ INFO ] - [ com.jnu.groupproject.view.Menu$12.mouseClicked(Menu.java:233) ] 点击菜单[注销]
2019-05-15 23:55:53 [ INFO ] - [ com.jnu.groupproject.view.PanelLogin$3.mouseClicked(PanelLogin.java:90) ] 用户注册
2019-05-15 23:55:56 [ INFO ] - [ com.jnu.groupproject.view.Menu$11.mouseClicked(Menu.java:220) ] 点击菜单[用户信息管理]
2019-05-15 23:55:57 [ INFO ] - [ com.jnu.groupproject.view.Menu$12.mouseClicked(Menu.java:233) ] 点击菜单[注销]
2019-05-15 23:55:57 [ INFO ] - [ com.jnu.groupproject.view.Menu$11.mouseClicked(Menu.java:220) ] 点击菜单[用户信息管理]
2019-05-15 23:58:51 [ INFO ] - [ com.jnu.groupproject.view.Menu$12.mouseClicked(Menu.java:232) ] 点击菜单[用户信息编辑]
2019-05-15 23:59:13 [ INFO ] - [ com.jnu.groupproject.view.Menu$12.mouseClicked(Menu.java:232) ] 点击菜单[用户信息编辑]
2019-05-15 23:59:15 [ INFO ] - [ com.jnu.groupproject.view.Menu$11.mouseClicked(Menu.java:220) ] 点击菜单[用户信息管理]
2019-05-15 23:59:16 [ INFO ] - [ com.jnu.groupproject.view.Menu$13.mouseClicked(Menu.java:244) ] 点击菜单[注销]
2019-05-15 23:59:17 [ INFO ] - [ com.jnu.groupproject.view.PanelLogin$3.mouseClicked(PanelLogin.java:90) ] 用户注册
2019-05-15 23:59:18 [ INFO ] - [ com.jnu.groupproject.view.Menu$12.mouseClicked(Menu.java:232) ] 点击菜单[用户信息编辑]
2019-05-15 23:59:30 [ INFO ] - [ com.jnu.groupproject.view.Menu$12.mouseClicked(Menu.java:232) ] 点击菜单[用户信息编辑]
2019-05-15 23:59:31 [ INFO ] - [ com.jnu.groupproject.view.Menu$12.mouseClicked(Menu.java:232) ] 点击菜单[用户信息编辑]
2019-05-15 23:59:31 [ INFO ] - [ com.jnu.groupproject.view.Menu$13.mouseClicked(Menu.java:244) ] 点击菜单[注销]
2019-05-15 23:59:32 [ INFO ] - [ com.jnu.groupproject.view.Menu$12.mouseClicked(Menu.java:232) ] 点击菜单[用户信息编辑]
2019-05-15 23:59:33 [ INFO ] - [ com.jnu.groupproject.view.Menu$13.mouseClicked(Menu.java:244) ] 点击菜单[注销]
2019-05-15 23:59:36 [ INFO ] - [ com.jnu.groupproject.view.PanelLogin$3.mouseClicked(PanelLogin.java:90) ] 用户注册
2019-05-15 23:59:37 [ INFO ] - [ com.jnu.groupproject.view.Menu$13.mouseClicked(Menu.java:244) ] 点击菜单[注销]
2019-05-15 23:59:38 [ INFO ] - [ com.jnu.groupproject.view.Menu$11.mouseClicked(Menu.java:220) ] 点击菜单[用户信息管理]
2019-05-15 23:59:39 [ INFO ] - [ com.jnu.groupproject.view.Menu$12.mouseClicked(Menu.java:232) ] 点击菜单[用户信息编辑]
2019-05-15 23:59:41 [ INFO ] - [ com.jnu.groupproject.view.Menu$11.mouseClicked(Menu.java:220) ] 点击菜单[用户信息管理]
2019-05-15 23:59:50 [ INFO ] - [ com.jnu.groupproject.view.Menu$12.mouseClicked(Menu.java:232) ] 点击菜单[用户信息编辑]
2019-05-15 23:59:52 [ INFO ] - [ com.jnu.groupproject.view.Menu$13.mouseClicked(Menu.java:244) ] 点击菜单[注销]
2019-05-15 23:59:56 [ INFO ] - [ com.jnu.groupproject.view.PanelLogin$3.mouseClicked(PanelLogin.java:90) ] 用户注册
2019-05-16 00:00:31 [ INFO ] - [ com.jnu.groupproject.view.Menu$12.mouseClicked(Menu.java:232) ] 点击菜单[用户信息编辑]
2019-05-16 00:00:33 [ INFO ] - [ com.jnu.groupproject.view.Menu$11.mouseClicked(Menu.java:220) ] 点击菜单[用户信息管理]
2019-05-16 00:00:33 [ INFO ] - [ com.jnu.groupproject.view.Menu$12.mouseClicked(Menu.java:232) ] 点击菜单[用户信息编辑]
2019-05-16 00:00:35 [ INFO ] - [ com.jnu.groupproject.view.Menu$13.mouseClicked(Menu.java:244) ] 点击菜单[注销]
2019-05-16 00:00:36 [ INFO ] - [ com.jnu.groupproject.view.Menu$12.mouseClicked(Menu.java:232) ] 点击菜单[用户信息编辑]
2019-05-16 00:00:39 [ INFO ] - [ com.jnu.groupproject.view.Menu$12.mouseClicked(Menu.java:232) ] 点击菜单[用户信息编辑]
2019-05-16 00:00:40 [ INFO ] - [ com.jnu.groupproject.view.Menu$13.mouseClicked(Menu.java:244) ] 点击菜单[注销]
2019-05-16 00:00:41 [ INFO ] - [ com.jnu.groupproject.view.PanelLogin$3.mouseClicked(PanelLogin.java:90) ] 用户注册
2019-05-16 00:00:43 [ INFO ] - [ com.jnu.groupproject.view.Menu$12.mouseClicked(Menu.java:232) ] 点击菜单[用户信息编辑]
2019-05-16 00:00:44 [ INFO ] - [ com.jnu.groupproject.view.Menu$12.mouseClicked(Menu.java:232) ] 点击菜单[用户信息编辑]
2019-05-16 00:00:44 [ INFO ] - [ com.jnu.groupproject.view.Menu$12.mouseClicked(Menu.java:232) ] 点击菜单[用户信息编辑]
2019-05-16 00:00:45 [ INFO ] - [ com.jnu.groupproject.view.Menu$11.mouseClicked(Menu.java:220) ] 点击菜单[用户信息管理]
2019-05-16 00:00:46 [ INFO ] - [ com.jnu.groupproject.view.Menu$12.mouseClicked(Menu.java:232) ] 点击菜单[用户信息编辑]
2019-05-16 00:00:46 [ INFO ] - [ com.jnu.groupproject.view.Menu$13.mouseClicked(Menu.java:244) ] 点击菜单[注销]
2019-05-16 00:00:48 [ INFO ] - [ com.jnu.groupproject.view.Menu$12.mouseClicked(Menu.java:232) ] 点击菜单[用户信息编辑]
2019-05-16 00:07:27 [ INFO ] - [ com.jnu.groupproject.view.PanelLogin$3.mouseClicked(PanelLogin.java:90) ] 用户注册
2019-05-16 00:08:33 [ INFO ] - [ com.jnu.groupproject.view.PanelLogin$3.mouseClicked(PanelLogin.java:90) ] 用户注册
2019-05-16 00:12:38 [ INFO ] - [ com.jnu.groupproject.view.PanelLogin$3.mouseClicked(PanelLogin.java:90) ] 用户注册
2019-05-16 00:12:42 [ INFO ] - [ com.jnu.groupproject.view.Menu$11.mouseClicked(Menu.java:220) ] 点击菜单[用户信息管理]
2019-05-16 00:13:02 [ INFO ] - [ com.jnu.groupproject.view.Menu$11.mouseClicked(Menu.java:220) ] 点击菜单[用户信息管理]
2019-05-16 00:15:15 [ INFO ] - [ com.jnu.groupproject.view.Menu$12.mouseClicked(Menu.java:232) ] 点击菜单[用户信息编辑]
2019-05-16 00:15:16 [ INFO ] - [ com.jnu.groupproject.view.Menu$11.mouseClicked(Menu.java:220) ] 点击菜单[用户信息管理]
2019-05-16 00:15:17 [ INFO ] - [ com.jnu.groupproject.view.Menu$12.mouseClicked(Menu.java:232) ] 点击菜单[用户信息编辑]
2019-05-16 00:15:34 [ INFO ] - [ com.jnu.groupproject.view.Menu$11.mouseClicked(Menu.java:220) ] 点击菜单[用户信息管理]
2019-05-16 00:15:44 [ INFO ] - [ com.jnu.groupproject.view.Menu$12.mouseClicked(Menu.java:232) ] 点击菜单[用户信息编辑]
2019-05-16 00:18:17 [ INFO ] - [ com.jnu.groupproject.view.Menu$11.mouseClicked(Menu.java:220) ] 点击菜单[用户信息管理]
2019-05-16 00:18:18 [ INFO ] - [ com.jnu.groupproject.view.Menu$12.mouseClicked(Menu.java:232) ] 点击菜单[用户信息编辑]
2019-05-16 00:18:34 [ INFO ] - [ com.jnu.groupproject.view.Menu$11.mouseClicked(Menu.java:220) ] 点击菜单[用户信息管理]
2019-05-16 00:18:37 [ INFO ] - [ com.jnu.groupproject.view.Menu$12.mouseClicked(Menu.java:232) ] 点击菜单[用户信息编辑]
2019-05-16 00:18:39 [ INFO ] - [ com.jnu.groupproject.view.Menu$11.mouseClicked(Menu.java:220) ] 点击菜单[用户信息管理]
2019-05-16 00:18:39 [ INFO ] - [ com.jnu.groupproject.view.Menu$12.mouseClicked(Menu.java:232) ] 点击菜单[用户信息编辑]
2019-05-16 00:18:40 [ INFO ] - [ com.jnu.groupproject.view.Menu$11.mouseClicked(Menu.java:220) ] 点击菜单[用户信息管理]
2019-05-16 00:18:40 [ INFO ] - [ com.jnu.groupproject.view.Menu$12.mouseClicked(Menu.java:232) ] 点击菜单[用户信息编辑]
2019-05-16 00:19:49 [ INFO ] - [ com.jnu.groupproject.view.Menu$12.mouseClicked(Menu.java:232) ] 点击菜单[用户信息编辑]
2019-05-16 00:19:50 [ INFO ] - [ com.jnu.groupproject.view.Menu$11.mouseClicked(Menu.java:220) ] 点击菜单[用户信息管理]
2019-05-16 00:19:50 [ INFO ] - [ com.jnu.groupproject.view.Menu$12.mouseClicked(Menu.java:232) ] 点击菜单[用户信息编辑]
2019-05-16 00:19:51 [ INFO ] - [ com.jnu.groupproject.view.Menu$11.mouseClicked(Menu.java:220) ] 点击菜单[用户信息管理]
2019-05-16 00:19:51 [ INFO ] - [ com.jnu.groupproject.view.Menu$12.mouseClicked(Menu.java:232) ] 点击菜单[用户信息编辑]
2019-05-16 00:21:00 [ INFO ] - [ com.jnu.groupproject.view.Menu$12.mouseClicked(Menu.java:232) ] 点击菜单[用户信息编辑]
2019-05-16 00:21:01 [ INFO ] - [ com.jnu.groupproject.view.Menu$11.mouseClicked(Menu.java:220) ] 点击菜单[用户信息管理]
2019-05-16 00:21:02 [ INFO ] - [ com.jnu.groupproject.view.Menu$12.mouseClicked(Menu.java:232) ] 点击菜单[用户信息编辑]
2019-05-16 00:21:02 [ INFO ] - [ com.jnu.groupproject.view.Menu$11.mouseClicked(Menu.java:220) ] 点击菜单[用户信息管理]
2019-05-16 00:21:03 [ INFO ] - [ com.jnu.groupproject.view.Menu$12.mouseClicked(Menu.java:232) ] 点击菜单[用户信息编辑]
2019-05-16 00:21:04 [ INFO ] - [ com.jnu.groupproject.view.Menu$11.mouseClicked(Menu.java:220) ] 点击菜单[用户信息管理]
2019-05-16 00:21:08 [ INFO ] - [ com.jnu.groupproject.view.Menu$12.mouseClicked(Menu.java:232) ] 点击菜单[用户信息编辑]
2019-05-16 00:21:09 [ INFO ] - [ com.jnu.groupproject.view.Menu$11.mouseClicked(Menu.java:220) ] 点击菜单[用户信息管理]
2019-05-16 00:21:11 [ INFO ] - [ com.jnu.groupproject.view.Menu$12.mouseClicked(Menu.java:232) ] 点击菜单[用户信息编辑]
2019-05-16 00:21:17 [ INFO ] - [ com.jnu.groupproject.view.Menu$11.mouseClicked(Menu.java:220) ] 点击菜单[用户信息管理]
2019-05-16 00:21:22 [ INFO ] - [ com.jnu.groupproject.view.Menu$12.mouseClicked(Menu.java:232) ] 点击菜单[用户信息编辑]
2019-05-16 00:21:38 [ INFO ] - [ com.jnu.groupproject.view.Menu$11.mouseClicked(Menu.java:220) ] 点击菜单[用户信息管理]
2019-05-16 00:21:39 [ INFO ] - [ com.jnu.groupproject.view.Menu$12.mouseClicked(Menu.java:232) ] 点击菜单[用户信息编辑]
2019-05-16 00:21:47 [ INFO ] - [ com.jnu.groupproject.view.Menu$11.mouseClicked(Menu.java:220) ] 点击菜单[用户信息管理]
2019-05-16 00:21:50 [ INFO ] - [ com.jnu.groupproject.view.Menu$11.mouseClicked(Menu.java:220) ] 点击菜单[用户信息管理]
2019-05-16 00:21:50 [ INFO ] - [ com.jnu.groupproject.view.Menu$11.mouseClicked(Menu.java:220) ] 点击菜单[用户信息管理]
2019-05-16 00:21:50 [ INFO ] - [ com.jnu.groupproject.view.Menu$11.mouseClicked(Menu.java:220) ] 点击菜单[用户信息管理]
2019-05-16 00:21:52 [ INFO ] - [ com.jnu.groupproject.view.Menu$12.mouseClicked(Menu.java:232) ] 点击菜单[用户信息编辑]
2019-05-16 00:21:57 [ INFO ] - [ com.jnu.groupproject.view.Menu$11.mouseClicked(Menu.java:220) ] 点击菜单[用户信息管理]
2019-05-16 00:21:59 [ INFO ] - [ com.jnu.groupproject.view.Menu$12.mouseClicked(Menu.java:232) ] 点击菜单[用户信息编辑]
2019-05-16 00:22:09 [ INFO ] - [ com.jnu.groupproject.view.Menu$11.mouseClicked(Menu.java:220) ] 点击菜单[用户信息管理]
2019-05-16 00:22:11 [ INFO ] - [ com.jnu.groupproject.view.Menu$12.mouseClicked(Menu.java:232) ] 点击菜单[用户信息编辑]
2019-05-16 00:22:14 [ INFO ] - [ com.jnu.groupproject.view.Menu$11.mouseClicked(Menu.java:220) ] 点击菜单[用户信息管理]
2019-05-16 00:22:14 [ INFO ] - [ com.jnu.groupproject.view.Menu$12.mouseClicked(Menu.java:232) ] 点击菜单[用户信息编辑]
2019-05-16 00:22:19 [ INFO ] - [ com.jnu.groupproject.view.Menu$11.mouseClicked(Menu.java:220) ] 点击菜单[用户信息管理]
2019-05-16 00:22:20 [ INFO ] - [ com.jnu.groupproject.view.Menu$12.mouseClicked(Menu.java:232) ] 点击菜单[用户信息编辑]
2019-05-16 00:22:27 [ INFO ] - [ com.jnu.groupproject.view.Menu$11.mouseClicked(Menu.java:220) ] 点击菜单[用户信息管理]
2019-05-16 00:22:28 [ INFO ] - [ com.jnu.groupproject.view.Menu$12.mouseClicked(Menu.java:232) ] 点击菜单[用户信息编辑]
2019-05-16 00:22:56 [ INFO ] - [ com.jnu.groupproject.view.Menu$11.mouseClicked(Menu.java:220) ] 点击菜单[用户信息管理]
2019-05-16 00:22:57 [ INFO ] - [ com.jnu.groupproject.view.Menu$12.mouseClicked(Menu.java:232) ] 点击菜单[用户信息编辑]
2019-05-16 00:23:04 [ INFO ] - [ com.jnu.groupproject.view.Menu$11.mouseClicked(Menu.java:220) ] 点击菜单[用户信息管理]
2019-05-16 00:23:06 [ INFO ] - [ com.jnu.groupproject.view.Menu$12.mouseClicked(Menu.java:232) ] 点击菜单[用户信息编辑]
2019-05-16 00:23:06 [ INFO ] - [ com.jnu.groupproject.view.Menu$11.mouseClicked(Menu.java:220) ] 点击菜单[用户信息管理]
2019-05-16 00:23:07 [ INFO ] - [ com.jnu.groupproject.view.Menu$13.mouseClicked(Menu.java:244) ] 点击菜单[注销]
2019-05-16 00:23:09 [ INFO ] - [ com.jnu.groupproject.view.PanelLogin$3.mouseClicked(PanelLogin.java:90) ] 用户注册
2019-05-16 00:23:14 [ INFO ] - [ com.jnu.groupproject.view.Menu$12.mouseClicked(Menu.java:232) ] 点击菜单[用户信息编辑]
2019-05-16 00:23:16 [ INFO ] - [ com.jnu.groupproject.view.Menu$11.mouseClicked(Menu.java:220) ] 点击菜单[用户信息管理]
2019-05-16 00:23:17 [ INFO ] - [ com.jnu.groupproject.view.Menu$13.mouseClicked(Menu.java:244) ] 点击菜单[注销]
2019-05-16 00:23:20 [ INFO ] - [ com.jnu.groupproject.view.PanelLogin$3.mouseClicked(PanelLogin.java:90) ] 用户注册
2019-05-16 00:23:30 [ INFO ] - [ com.jnu.groupproject.view.Menu$11.mouseClicked(Menu.java:220) ] 点击菜单[用户信息管理]
2019-05-16 00:34:21 [ INFO ] - [ com.jnu.groupproject.view.Menu$13.mouseClicked(Menu.java:244) ] 点击菜单[注销]
2019-05-16 00:34:28 [ INFO ] - [ com.jnu.groupproject.view.Menu$13.mouseClicked(Menu.java:244) ] 点击菜单[注销]
2019-05-16 00:34:29 [ INFO ] - [ com.jnu.groupproject.view.Menu$12.mouseClicked(Menu.java:232) ] 点击菜单[用户信息编辑]
2019-05-16 00:34:30 [ INFO ] - [ com.jnu.groupproject.view.Menu$13.mouseClicked(Menu.java:244) ] 点击菜单[注销]
2019-05-16 00:34:30 [ INFO ] - [ com.jnu.groupproject.view.Menu$12.mouseClicked(Menu.java:232) ] 点击菜单[用户信息编辑]
2019-05-16 00:34:32 [ INFO ] - [ com.jnu.groupproject.view.Menu$11.mouseClicked(Menu.java:220) ] 点击菜单[用户信息管理]
2019-05-16 00:34:32 [ INFO ] - [ com.jnu.groupproject.view.Menu$12.mouseClicked(Menu.java:232) ] 点击菜单[用户信息编辑]
2019-05-16 00:34:33 [ INFO ] - [ com.jnu.groupproject.view.Menu$11.mouseClicked(Menu.java:220) ] 点击菜单[用户信息管理]
2019-05-16 00:34:35 [ INFO ] - [ com.jnu.groupproject.view.Menu$12.mouseClicked(Menu.java:232) ] 点击菜单[用户信息编辑]
2019-05-16 00:34:36 [ INFO ] - [ com.jnu.groupproject.view.Menu$11.mouseClicked(Menu.java:220) ] 点击菜单[用户信息管理]
2019-05-16 00:34:40 [ INFO ] - [ com.jnu.groupproject.view.Menu$12.mouseClicked(Menu.java:232) ] 点击菜单[用户信息编辑]
2019-05-16 00:34:40 [ INFO ] - [ com.jnu.groupproject.view.Menu$11.mouseClicked(Menu.java:220) ] 点击菜单[用户信息管理]
2019-05-16 00:34:41 [ INFO ] - [ com.jnu.groupproject.view.Menu$12.mouseClicked(Menu.java:232) ] 点击菜单[用户信息编辑]
2019-05-16 00:34:42 [ INFO ] - [ com.jnu.groupproject.view.Menu$12.mouseClicked(Menu.java:232) ] 点击菜单[用户信息编辑]
2019-05-16 00:34:42 [ INFO ] - [ com.jnu.groupproject.view.Menu$11.mouseClicked(Menu.java:220) ] 点击菜单[用户信息管理]
2019-05-16 00:34:43 [ INFO ] - [ com.jnu.groupproject.view.Menu$12.mouseClicked(Menu.java:232) ] 点击菜单[用户信息编辑]
2019-05-16 00:34:45 [ INFO ] - [ com.jnu.groupproject.view.Menu$13.mouseClicked(Menu.java:244) ] 点击菜单[注销]
2019-05-16 00:34:47 [ INFO ] - [ com.jnu.groupproject.view.PanelLogin$3.mouseClicked(PanelLogin.java:90) ] 用户注册
2019-05-16 00:34:56 [ INFO ] - [ com.jnu.groupproject.view.Menu$11.mouseClicked(Menu.java:220) ] 点击菜单[用户信息管理]
2019-05-16 00:34:59 [ INFO ] - [ com.jnu.groupproject.view.Menu$12.mouseClicked(Menu.java:232) ] 点击菜单[用户信息编辑]
2019-05-16 00:35:00 [ INFO ] - [ com.jnu.groupproject.view.Menu$11.mouseClicked(Menu.java:220) ] 点击菜单[用户信息管理]
2019-05-16 00:35:01 [ INFO ] - [ com.jnu.groupproject.view.Menu$12.mouseClicked(Menu.java:232) ] 点击菜单[用户信息编辑]
2019-05-16 00:35:01 [ INFO ] - [ com.jnu.groupproject.view.Menu$11.mouseClicked(Menu.java:220) ] 点击菜单[用户信息管理]
